# JRE version: Java(TM) SE Runtime Environment 18.9 (11.0.19+9) (build 11.0.19+9-LTS-224)
# Java VM: Java HotSpot(TM) 64-Bit Server VM 18.9 (11.0.19+9-LTS-224, mixed mode, tiered, compressed oops, g1 gc, windows-amd64)
Heap:
 garbage-first heap   total 524288K, used 384384K [0x00000000e0000000, 0x0000000100000000)
  region size 1024K, 27 young (27648K), 8 survivors (8192K)
 Metaspace       used 110551K, capacity 113537K, committed 114432K, reserved 1148928K
  class space    used 13182K, capacity 14273K, committed 14592K, reserved 1048576K
GC Heap History (10 events):
Event: 7603.055 GC heap before
{Heap before GC invocations=33 (full 0):
 garbage-first heap   total 524288K, used 441507K [0x00000000e0000000, 0x0000000100000000)
  region size 1024K, 300 young (307200K), 0 survivors (0K)
 Metaspace       used 110586K, capacity 113716K, committed 113792K, reserved 1148928K
  class space    used 13286K, capacity 14414K, committed 14464K, reserved 1048576K
}
Event: 7603.087 GC heap after
{Heap after GC invocations=34 (full 0):
 garbage-first heap   total 524288K, used 151859K [0x00000000e0000000, 0x0000000100000000)
  region size 1024K, 18 young (18432K), 18 survivors (18432K)
 Metaspace       used 110586K, capacity 113716K, committed 113792K, reserved 1148928K
  class space    used 13286K, capacity 14414K, committed 14464K, reserved 1048576K
}
Event: 7609.777 GC heap before
{Heap before GC invocations=34 (full 0):
 garbage-first heap   total 524288K, used 464179K [0x00000000e0000000, 0x0000000100000000)
  region size 1024K, 276 young (282624K), 18 survivors (18432K)
 Metaspace       used 110812K, capacity 114098K, committed 114304K, reserved 1148928K
  class space    used 13291K, capacity 14447K, committed 14464K, reserved 1048576K
}
Event: 7609.790 GC heap after
{Heap after GC invocations=35 (full 0):
 garbage-first heap   total 524288K, used 149936K [0x00000000e0000000, 0x0000000100000000)
  region size 1024K, 16 young (16384K), 16 survivors (16384K)
 Metaspace       used 110812K, capacity 114098K, committed 114304K, reserved 1148928K
  class space    used 13291K, capacity 14447K, committed 14464K, reserved 1048576K
}
Event: 7628.276 GC heap before
{Heap before GC invocations=35 (full 0):
 garbage-first heap   total 524288K, used 479664K [0x00000000e0000000, 0x0000000100000000)
  region size 1024K, 284 young (290816K), 16 survivors (16384K)
 Metaspace       used 110974K, capacity 114187K, committed 114304K, reserved 1148928K
  class space    used 13295K, capacity 14452K, committed 14464K, reserved 1048576K
}
Event: 7628.286 GC heap after
{Heap after GC invocations=36 (full 0):
 garbage-first heap   total 524288K, used 157502K [0x00000000e0000000, 0x0000000100000000)
  region size 1024K, 22 young (22528K), 22 survivors (22528K)
 Metaspace       used 110974K, capacity 114187K, committed 114304K, reserved 1148928K
  class space    used 13295K, capacity 14452K, committed 14464K, reserved 1048576K
}
Event: 7633.527 GC heap before
{Heap before GC invocations=36 (full 0):
 garbage-first heap   total 524288K, used 297790K [0x00000000e0000000, 0x0000000100000000)
  region size 1024K, 63 young (64512K), 22 survivors (22528K)
 Metaspace       used 110995K, capacity 114187K, committed 114304K, reserved 1148928K
  class space    used 13295K, capacity 14452K, committed 14464K, reserved 1048576K
}
Event: 7633.537 GC heap after
{Heap after GC invocations=37 (full 0):
 garbage-first heap   total 524288K, used 154080K [0x00000000e0000000, 0x0000000100000000)
  region size 1024K, 17 young (17408K), 17 survivors (17408K)
 Metaspace       used 110995K, capacity 114187K, committed 114304K, reserved 1148928K
  class space    used 13295K, capacity 14452K, committed 14464K, reserved 1048576K
}
Event: 7633.560 GC heap before
{Heap before GC invocations=37 (full 0):
 garbage-first heap   total 524288K, used 512480K [0x00000000e0000000, 0x0000000100000000)
  region size 1024K, 18 young (18432K), 17 survivors (17408K)
 Metaspace       used 110995K, capacity 114187K, committed 114304K, reserved 1148928K
  class space    used 13295K, capacity 14452K, committed 14464K, reserved 1048576K
}
Event: 7633.565 GC heap after
{Heap after GC invocations=38 (full 0):
 garbage-first heap   total 524288K, used 144768K [0x00000000e0000000, 0x0000000100000000)
  region size 1024K, 8 young (8192K), 8 survivors (8192K)
 Metaspace       used 110995K, capacity 114187K, committed 114304K, reserved 1148928K
  class space    used 13295K, capacity 14452K, committed 14464K, reserved 1048576K
}

